2015-05-22 12:45:53.118 [main] INFO  ru.rintd.controller.Run - Application start...
2015-05-22 12:45:53.380 [AWT-EventQueue-0] INFO  ru.rintd.controller.Controller - Init main window...
2015-05-22 12:45:53.383 [AWT-EventQueue-0] INFO  ru.rintd.view.AppWindow - Start intrface...
2015-05-22 12:45:53.453 [AWT-EventQueue-0] INFO  ru.rintd.view.AppWindow - Set default params in window
2015-05-22 12:45:53.454 [AWT-EventQueue-0] INFO  ru.rintd.view.AppWindow - Set new title: NodeMaker2, old: 
2015-05-22 12:45:53.466 [AWT-EventQueue-0] INFO  ru.rintd.view.res.JButtonsStyles - Generate button type 0 [Pointer is Pointer]
2015-05-22 12:45:53.510 [AWT-EventQueue-0] INFO  ru.rintd.view.res.JButtonsStyles - Generate button type 1 [Open is Open]
2015-05-22 12:45:53.516 [AWT-EventQueue-0] INFO  ru.rintd.view.res.JButtonsStyles - Generate button type 2 [Save is Save]
2015-05-22 12:45:53.519 [AWT-EventQueue-0] INFO  ru.rintd.view.res.JButtonsStyles - Generate button type 3 [Undo is Undo]
2015-05-22 12:45:53.522 [AWT-EventQueue-0] INFO  ru.rintd.view.res.JButtonsStyles - Generate button type 4 [Rendo is Rendo]
2015-05-22 12:45:53.524 [AWT-EventQueue-0] INFO  ru.rintd.view.res.JButtonsStyles - Generate button type 5 [Delete is Delete]
2015-05-22 12:45:53.527 [AWT-EventQueue-0] INFO  ru.rintd.view.res.JButtonsStyles - Generate button type 6 [ZoomIn is ZoomIn]
2015-05-22 12:45:53.529 [AWT-EventQueue-0] INFO  ru.rintd.view.res.JButtonsStyles - Generate button type 7 [ZoomNull is ZoomNull]
2015-05-22 12:45:53.532 [AWT-EventQueue-0] INFO  ru.rintd.view.res.JButtonsStyles - Generate button type 8 [ZoomOut is ZoomOut]
2015-05-22 12:45:53.535 [AWT-EventQueue-0] INFO  ru.rintd.view.res.JButtonsStyles - Generate button type 17 [Sensor NULL is Sensor NULL]
2015-05-22 12:45:53.537 [AWT-EventQueue-0] INFO  ru.rintd.view.res.JButtonsStyles - Generate button type 11 [Light NULL is Light NULL]
2015-05-22 12:45:53.540 [AWT-EventQueue-0] INFO  ru.rintd.view.res.JButtonsStyles - Generate button type 14 [Pointer NULL is Pointer NULL]
2015-05-22 12:45:53.545 [AWT-EventQueue-0] INFO  ru.rintd.view.res.JButtonsStyles - Generate button type 20 [Server NULL is Server NULL]
2015-05-22 12:45:53.549 [AWT-EventQueue-0] INFO  ru.rintd.view.res.JButtonsStyles - Generate button type 21 [Preferences is Preferences]
2015-05-22 12:45:53.552 [AWT-EventQueue-0] INFO  ru.rintd.view.res.JButtonsStyles - Generate button type 22 [Connect to CORBA is Connect to CORBA]
2015-05-22 12:45:53.684 [AWT-EventQueue-0] INFO  ru.rintd.controller.Controller - Setting actions...
2015-05-22 12:45:55.136 [AWT-EventQueue-0] INFO  ru.rintd.controller.Controller - Load open file chooser...
2015-05-22 12:45:56.427 [AWT-EventQueue-0] INFO  ru.rintd.controller.Controller - File chooser return APPROVE_OPTION value
2015-05-22 12:45:56.427 [AWT-EventQueue-0] INFO  ru.rintd.controller.Controller - Load file PATH: /home/sheihar/biblio-all-ex.json
2015-05-22 12:45:56.427 [AWT-EventQueue-0] INFO  ru.rintd.model.res.Model - Get building from: /home/sheihar/biblio-all-ex.json
2015-05-22 12:45:56.427 [AWT-EventQueue-0] INFO  ru.rintd.model.res.Model - Transform json to building
2015-05-22 12:45:56.672 [AWT-EventQueue-0] INFO  ru.rintd.controller.Controller - Start convert building to Polygons...
2015-05-22 12:45:56.705 [AWT-EventQueue-0] INFO  ru.rintd.view.BuildingPanel - Clear building panel...
2015-05-22 12:45:56.706 [AWT-EventQueue-0] INFO  ru.rintd.view.BuildingPanel - INIT building panel
2015-05-22 12:45:57.375 [AWT-EventQueue-0] INFO  ru.rintd.view.AppWindow - Init draw polygons...
2015-05-22 12:45:57.378 [AWT-EventQueue-0] INFO  ru.rintd.controller.Controller - Set multi panel...
2015-05-22 12:45:57.388 [AWT-EventQueue-0] INFO  ru.rintd.controller.Controller - Set actions to building panel...
2015-05-22 12:46:02.432 [AWT-EventQueue-0] INFO  ru.rintd.controller.Controller - Click to [856; 841]
2015-05-22 12:46:02.435 [AWT-EventQueue-0] INFO  ru.rintd.controller.Controller - Inside the building!
2015-05-22 12:46:08.872 [AWT-EventQueue-0] INFO  ru.rintd.controller.Controller - Open window close dialog...
2015-05-22 12:46:10.094 [AWT-EventQueue-0] INFO  ru.rintd.controller.Controller - Closing...
2015-05-22 12:46:10.095 [AWT-EventQueue-0] INFO  ru.rintd.controller.Controller - Saving preferences...
2015-05-22 12:46:10.096 [AWT-EventQueue-0] INFO  ru.rintd.controller.Controller - Exit
